#Build: Fabric Configuration 2022.1, Build 99559, Jul 12 00:20 2022
#Install: H:\pds_22\PDS_2022.1\bin
#Application name: cdt_cfg.exe
#OS: Windows 10 10.0.22621
#Hostname: JIA
Generated by Fabric Configuration (version 2022.1 build 99559) at Sat May 13 12:08:40 2023
M_PROCESS_FINISH_STARTED

Connecting to server[127.0.0.1 : 65420].
Connect to server[127.0.0.1 : 65420] successfully.
COMMAND[check version information] execute successfully, takes 0.0 secs.
The cable List : 
Cable index 0:USB Cable II/fffffffffffffffe 

COMMAND[get_cable_paras] execute successfully, takes 0.8 secs.
PANGO USB CABLE II cable driver: D2XX DLL
PGL50H
COMMAND[Open config cable] execute successfully, takes 3.3 secs.
COMMAND[Program] execute successfully, takes 2.2 secs.
COMMAND[Program] execute successfully, takes 2.2 secs.
COMMAND[Program] execute successfully, takes 2.2 secs.
COMMAND[Program] execute successfully, takes 2.0 secs.
