#Build: Fabric Compiler 2022.1, Build 99559, Jul 12 00:20 2022
#Install: H:\pds_22\PDS_2022.1\bin
#Application name: pds_shell.exe
#OS: Windows 10 10.0.22621
#Hostname: JIA
Generated by Fabric Compiler (version 2022.1 build 99559) at Sat May 13 00:16:33 2023
Compiling verification operator library.
Compiling common defs.
Compiling prim grid devices.
Compiling gate devices.
Compiling gate operators.
Building architecture model.
Loading device packaging model.
Reading design from DB.
Start Generating Programming File...
Reading design from DB takes 1.031250 sec.
Generating architecture configuration.
The bitstream file is "F:/PDS_DEMO/ObjectRecognition/generate_bitstream/top.sbit"
Generate programming file takes 8.375000 sec.
Generating Programming File done.
Action gen_bit_stream: Real time elapsed is 0h:0m:13s
Action gen_bit_stream: CPU time elapsed is 0h:0m:11s
Action gen_bit_stream: Process CPU time elapsed is 0h:0m:11s
Current time: Sat May 13 00:16:44 2023
Action gen_bit_stream: Peak memory pool usage is 715 MB
