#Build: Fabric Compiler 2022.1, Build 99559, Jul 12 00:20 2022
#Install: H:\pds_22\PDS_2022.1\bin
#Application name: pds_shell.exe
#OS: Windows 10 10.0.22621
#Hostname: JIA
Generated by Fabric Compiler (version 2022.1 build 99559) at Thu May 11 20:48:18 2023
Compiling verification operator library.
Compiling common defs.
Compiling prim grid devices.
Compiling gate devices.
Compiling gate operators.
Building architecture model.
Loading device packaging model.
Reading design from DB.
Start Generating Programming File...
Reading design from DB takes 0.750000 sec.
Generating architecture configuration.
The bitstream file is "F:/PDS_DEMO/ObjectRecognition/generate_bitstream/top.sbit"
Generate programming file takes 5.656250 sec.
Generating Programming File done.
Action gen_bit_stream: Real time elapsed is 0h:0m:10s
Action gen_bit_stream: CPU time elapsed is 0h:0m:8s
Action gen_bit_stream: Process CPU time elapsed is 0h:0m:8s
Current time: Thu May 11 20:48:27 2023
Action gen_bit_stream: Peak memory pool usage is 695 MB
