#Build: Fabric Compiler 2022.1, Build 99559, Jul 12 00:20 2022
#Install: H:\pds_22\PDS_2022.1\bin
#Application name: pds_shell.exe
#OS: Windows 10 10.0.22621
#Hostname: JIA
Generated by Fabric Compiler (version 2022.1 build 99559) at Fri May 12 01:22:51 2023
Compiling verification operator library.
Compiling common defs.
Loading technology operator library.
Compiling technology operator library.
Compiling technology operator (valence) library.
Compiling operator packing rules.
Compiling prim grid devices.
Compiling gate devices.
Compiling gate operators.
Compiling tech operator impls.
Building architecture model.
Loading device packaging model.
Reading design from translate DB.
Flattening design 'top'
Device mapping started.
Optimizing circuit logic.
Checking design netlist.
Processing tech operator.
I: The instance clkbufg_0(GTP_CLKBUFG) has been inserted on the net axi_ctrl_inst/HMIC_S_inst/ddrphy_clkin in design, driver pin CLKDIVOUT(instance axi_ctrl_inst/HMIC_S_inst/I_GTP_CLKDIV) -> load pin CLKB(instance axi_ctrl_inst/HMIC_S_inst/u_ddrphy_top/ddrphy_slice_top/i_ca_group[0].u_ddc_ca).
W: DeviceMap-4006: Insert a inst clkgate_1(GTP_IOCLKBUF) before axi_ctrl_inst/HMIC_S_inst/I_GTP_CLKDIV(GTP_IOCLKDIV).
Converting tech operator to gate operator.
Processing gate operator.
Device mapping done.
Total device mapping takes 0.02 sec.

Device Utilization Summary:
+------------------------------------------------------------------------+
| Logic Utilization     | Used     | Available     | Utilization(%)     
+------------------------------------------------------------------------+
| APM                   | 0        | 84            | 0                  
| IOCKDLY               | 0        | 40            | 0                  
| FF                    | 0        | 64200         | 0                  
| LUT                   | 0        | 42800         | 0                  
| Distributed RAM       | 0        | 17000         | 0                  
| DLL                   | 1        | 10            | 10                 
| DQSL                  | 8        | 18            | 45                 
| DRM                   | 0        | 134           | 0                  
| FUSECODE              | 0        | 1             | 0                  
| IO                    | 109      | 296           | 37                 
| IOCKDIV               | 1        | 20            | 5                  
| IOCKGATE              | 4        | 20            | 20                 
| IPAL                  | 0        | 1             | 0                  
| PLL                   | 3        | 5             | 60                 
| RCKB                  | 0        | 24            | 0                  
| SCANCHAIN             | 0        | 2             | 0                  
| START                 | 0        | 1             | 0                  
| USCM                  | 2        | 30            | 7                  
| HSST                  | 0        | 1             | 0                  
| OSC                   | 0        | 1             | 0                  
| CRYSTAL               | 0        | 2             | 0                  
| RESCAL                | 0        | 4             | 0                  
| UDID                  | 0        | 1             | 0                  
| PCIE                  | 0        | 1             | 0                  
+------------------------------------------------------------------------+

Design 'top' has been successfully mapped to architecture-specific objects.
Saving design to DB.
W: Public-4010: Pcf file F:/PDS_DEMO/ObjectRecognition/device_map/top.pcf has been covered.
Action dev_map: Real time elapsed is 0h:0m:3s
Action dev_map: CPU time elapsed is 0h:0m:2s
Action dev_map: Process CPU time elapsed is 0h:0m:2s
Current time: Fri May 12 01:22:53 2023
Action dev_map: Peak memory pool usage is 231 MB
